2018-02-26 09:50:52,833 - INFO - [admin]删除项目[金云彩B2B]成功
2018-02-26 09:51:25,154 - INFO - [admin]添加项目[金云彩B2B项目]成功
2018-02-26 10:03:43,897 - INFO - [admin]添加应用[JYC_B2B_port应用]成功
2018-02-26 10:04:28,582 - INFO - [admin]添加应用[JYC_B2B_payserver应用1]成功
2018-02-26 10:04:53,337 - INFO - [admin]添加应用[JYC_B2B_payserver应用2]成功
2018-02-26 10:05:43,371 - INFO - [admin]添加应用[admin]成功
2018-02-26 10:06:06,035 - INFO - [admin]编辑应用[admin]成功
2018-02-26 10:06:11,796 - INFO - [admin]删除应用[admin]成功
2018-02-26 10:09:06,188 - INFO - [admin]添加应用[admin]成功
2018-02-26 10:10:28,571 - INFO - [admin]编辑应用[admin]成功
2018-02-26 10:10:34,227 - INFO - [admin]编辑应用[admin]成功
2018-02-26 10:10:54,897 - INFO - [admin]删除应用[admin]成功
2018-02-26 10:11:47,451 - INFO - [admin]删除用户[贾晨]成功
2018-02-26 10:11:48,890 - INFO - [admin]删除用户[abc]成功
2018-02-26 10:11:52,965 - INFO - [admin]删除用户[jack]成功
2018-02-26 10:12:26,386 - INFO - [admin]添加用户[方志国]成功
2018-02-26 10:12:39,428 - INFO - [admin]管理应用['27', '28', '29']成功
2018-02-26 13:45:41,411 - INFO - [方志国]关联应用[]成功
2018-02-26 13:46:04,983 - INFO - [方志国]关联应用['27']成功
2018-02-26 13:46:12,357 - INFO - [方志国]关联应用[]成功
2018-02-26 13:46:20,358 - INFO - [方志国]关联应用['27', '29']成功
2018-02-26 13:46:26,247 - INFO - [方志国]关联应用['27']成功
2018-02-26 13:47:01,645 - INFO - [方志国]关联应用['27', '29', '28']成功
2018-02-26 13:47:44,534 - INFO - [方志国]执行更新命令成功,金云彩B2B项目[JYC_B2B_payserver应用1]已更新
2018-02-26 13:47:55,547 - INFO - [方志国]执行更新命令成功,金云彩B2B项目[JYC_B2B_payserver应用1]已更新
2018-02-26 14:01:00,571 - INFO - [方志国]执行更新命令成功,金云彩B2B项目[JYC_B2B_payserver应用1]已更新
2018-02-26 14:01:02,356 - INFO - [方志国]执行更新命令成功,金云彩B2B项目[JYC_B2B_payserver应用1]已更新
2018-02-26 14:01:10,900 - INFO - [方志国]执行更新命令成功,金云彩B2B项目[JYC_B2B_payserver应用1]已更新
2018-02-26 14:01:14,897 - INFO - [方志国]执行更新命令成功,金云彩B2B项目[JYC_B2B_payserver应用1]已更新
2018-02-26 14:01:21,221 - INFO - [方志国]执行更新命令成功,金云彩B2B项目[JYC_B2B_port应用]已更新
2018-02-26 14:03:10,581 - INFO - [方志国]执行更新命令成功,金云彩B2B项目[JYC_B2B_payserver应用2]已更新
2018-02-26 14:03:13,586 - INFO - [方志国]执行更新命令成功,金云彩B2B项目[JYC_B2B_payserver应用2]已更新
2018-02-26 14:25:31,297 - INFO - [方志国]执行更新命令成功,金云彩B2B项目[JYC_B2B_payserver应用1]已更新
2018-02-26 14:26:48,210 - INFO - [方志国]执行更新命令成功,金云彩B2B项目[JYC_B2B_payserver应用1]已更新
2018-02-26 14:26:49,175 - INFO - [方志国]执行更新命令成功,金云彩B2B项目[JYC_B2B_payserver应用1]已更新
2018-02-26 14:26:49,796 - INFO - [方志国]执行更新命令成功,金云彩B2B项目[JYC_B2B_payserver应用1]已更新
2018-02-26 14:32:15,551 - INFO - [方志国]执行更新命令成功,金云彩B2B项目[JYC_B2B_payserver应用1]已更新
2018-02-26 14:32:21,368 - INFO - [方志国]执行更新命令成功,金云彩B2B项目[JYC_B2B_payserver应用2]已更新
2018-02-26 14:32:24,212 - INFO - [方志国]执行更新命令成功,金云彩B2B项目[JYC_B2B_port应用]已更新
2018-02-26 16:52:24,508 - INFO - [方志国]执行更新命令成功,金云彩B2B项目[JYC_B2B_payserver应用1]已更新
2018-02-26 16:52:25,838 - INFO - [方志国]执行更新命令成功,金云彩B2B项目[JYC_B2B_payserver应用1]已更新
2018-02-26 16:52:26,454 - INFO - [方志国]执行更新命令成功,金云彩B2B项目[JYC_B2B_payserver应用1]已更新
2018-02-26 16:52:29,452 - INFO - [方志国]执行更新命令成功,金云彩B2B项目[JYC_B2B_port应用]已更新
2018-02-26 16:52:30,326 - INFO - [方志国]执行更新命令成功,金云彩B2B项目[JYC_B2B_port应用]已更新
2018-02-27 16:51:24,731 - INFO - [方志国]执行更新命令成功,金云彩B2B项目[JYC_B2B_port应用]已更新
2018-02-27 17:09:17,225 - INFO - [方志国]显示要下载的日志列表成功,路径为[D:\python项目\EasyLogSync\rsync_log\JYC_B2B\port]
2018-02-27 17:09:22,659 - INFO - [方志国]下载日志[D:\python项目\EasyLogSync\rsync_log\JYC_B2B\port\PLOG\2\port.log.2018-01-02]成功
2018-02-28 10:22:15,165 - INFO - [方志国]显示要下载的日志列表成功,路径为[D:\python项目\EasyLogSync\rsync_log\JYC_B2B\port]
2018-02-28 10:23:23,970 - INFO - [方志国]显示要下载的日志列表成功,路径为[D:\python项目\EasyLogSync\rsync_log\JYC_B2B\payserver_1]
2018-02-28 10:29:38,590 - INFO - [方志国]显示要下载的日志列表成功,路径为[D:\python项目\EasyLogSync\rsync_log\JYC_B2B\payserver_1]
2018-02-28 10:33:27,750 - INFO - [方志国]显示要下载的日志列表成功,路径为[D:\python项目\EasyLogSync\rsync_log\JYC_B2B\payserver_1]
2018-02-28 10:40:18,583 - INFO - [方志国]显示要下载的日志列表成功,路径为[D:\python项目\EasyLogSync\rsync_log\JYC_B2B\payserver_1]
2018-02-28 10:42:06,365 - INFO - [方志国]显示要下载的日志列表成功,路径为[D:\python项目\EasyLogSync\rsync_log\JYC_B2B\payserver_1]
2018-02-28 10:42:15,791 - INFO - [方志国]显示要下载的日志列表成功,路径为[D:\python项目\EasyLogSync\rsync_log\JYC_B2B\payserver_1]
2018-02-28 10:42:30,623 - INFO - [方志国]显示要下载的日志列表成功,路径为[D:\python项目\EasyLogSync\rsync_log\JYC_B2B\payserver_1]
2018-02-28 10:43:29,254 - INFO - [方志国]显示要下载的日志列表成功,路径为[D:\python项目\EasyLogSync\rsync_log\JYC_B2B\payserver_1]
2018-02-28 11:11:26,492 - INFO - [方志国]显示要下载的日志列表成功,路径为[D:\python项目\EasyLogSync\rsync_log\JYC_B2B\payserver_1]
2018-02-28 11:15:13,331 - INFO - [方志国]显示要下载的日志列表成功,路径为[D:\python项目\EasyLogSync\rsync_log\JYC_B2B\payserver_1]
2018-02-28 11:18:07,132 - INFO - [方志国]显示要下载的日志列表成功,路径为[D:\python项目\EasyLogSync\rsync_log\JYC_B2B\payserver_1]
2018-02-28 11:18:29,953 - INFO - [方志国]显示要下载的日志列表成功,路径为[D:\python项目\EasyLogSync\rsync_log\JYC_B2B\payserver_1]
2018-02-28 11:18:53,697 - INFO - [方志国]显示要下载的日志列表成功,路径为[D:\python项目\EasyLogSync\rsync_log\JYC_B2B\port]
2018-02-28 11:19:23,228 - INFO - [方志国]显示要下载的日志列表成功,路径为[D:\python项目\EasyLogSync\rsync_log\JYC_B2B\port]
2018-02-28 11:23:19,293 - INFO - [方志国]显示要下载的日志列表成功,路径为[D:\python项目\EasyLogSync\rsync_log\JYC_B2B\payserver_1]
2018-02-28 11:23:26,333 - INFO - [方志国]显示要下载的日志列表成功,路径为[D:\python项目\EasyLogSync\rsync_log\JYC_B2B\payserver_1]
2018-02-28 11:26:55,257 - INFO - [方志国]显示要下载的日志列表成功,路径为[D:\python项目\EasyLogSync\rsync_log\JYC_B2B\payserver_1]
2018-02-28 11:27:17,288 - INFO - [方志国]显示要下载的日志列表成功,路径为[D:\python项目\EasyLogSync\rsync_log\JYC_B2B\payserver_1]
2018-02-28 11:28:52,103 - INFO - [方志国]显示要下载的日志列表成功,路径为[D:\python项目\EasyLogSync\rsync_log\JYC_B2B\payserver_1]
2018-02-28 11:31:28,158 - INFO - [方志国]显示要下载的日志列表成功,路径为[D:\python项目\EasyLogSync\rsync_log\JYC_B2B\payserver_1]
2018-02-28 11:31:44,176 - INFO - [方志国]显示要下载的日志列表成功,路径为[D:\python项目\EasyLogSync\rsync_log\JYC_B2B\port]
2018-02-28 11:33:23,121 - INFO - [方志国]显示要下载的日志列表成功,路径为[D:\python项目\EasyLogSync\rsync_log\JYC_B2B\payserver_1]
2018-02-28 11:34:13,703 - INFO - [方志国]显示要下载的日志列表成功,路径为[D:\python项目\EasyLogSync\rsync_log\JYC_B2B\payserver_1]
2018-02-28 11:34:21,527 - INFO - [方志国]显示要下载的日志列表成功,路径为[D:\python项目\EasyLogSync\rsync_log\JYC_B2B\port]
2018-02-28 11:34:34,796 - INFO - [方志国]显示要下载的日志列表成功,路径为[D:\python项目\EasyLogSync\rsync_log\JYC_B2B\payserver_2]
2018-02-28 11:34:37,278 - INFO - [方志国]显示要下载的日志列表成功,路径为[D:\python项目\EasyLogSync\rsync_log\JYC_B2B\port]
2018-02-28 11:40:14,532 - INFO - [方志国]显示要下载的日志列表成功,路径为[D:\python项目\EasyLogSync\rsync_log\JYC_B2B\port]
2018-02-28 11:42:26,091 - INFO - [方志国]下载日志[D:\python项目\EasyLogSync\rsync_log\JYC_B2B\port\PLOG\1\port.log.2018-01-01]成功
2018-02-28 11:42:34,592 - INFO - [方志国]显示要下载的日志列表成功,路径为[D:\python项目\EasyLogSync\rsync_log\JYC_B2B\port]
2018-02-28 11:47:04,549 - INFO - [方志国]显示要下载的日志列表成功,路径为[D:\python项目\EasyLogSync\rsync_log\JYC_B2B\port]
2018-02-28 11:53:33,180 - INFO - [方志国]显示要下载的日志列表成功,路径为[D:\python项目\EasyLogSync\rsync_log\JYC_B2B\port]
2018-02-28 11:54:39,013 - INFO - [方志国]显示要下载的日志列表成功,路径为[D:\python项目\EasyLogSync\rsync_log\JYC_B2B\port]
2018-02-28 13:00:29,255 - INFO - [方志国]显示要下载的日志列表成功,路径为[D:\python项目\EasyLogSync\rsync_log\JYC_B2B\port]
2018-02-28 13:09:45,175 - INFO - [方志国]显示要下载的日志列表成功,路径为[D:\python项目\EasyLogSync\rsync_log\JYC_B2B\port]
2018-02-28 13:09:48,088 - INFO - [方志国]显示要下载的日志列表成功,路径为[D:\python项目\EasyLogSync\rsync_log\JYC_B2B\port]
2018-02-28 13:09:50,464 - INFO - [方志国]显示要下载的日志列表成功,路径为[D:\python项目\EasyLogSync\rsync_log\JYC_B2B\port]
2018-02-28 13:09:52,986 - INFO - [方志国]显示要下载的日志列表成功,路径为[D:\python项目\EasyLogSync\rsync_log\JYC_B2B\port]
2018-02-28 13:09:54,193 - INFO - [方志国]显示要下载的日志列表成功,路径为[D:\python项目\EasyLogSync\rsync_log\JYC_B2B\port]
2018-02-28 13:09:55,099 - INFO - [方志国]显示要下载的日志列表成功,路径为[D:\python项目\EasyLogSync\rsync_log\JYC_B2B\port]
2018-02-28 13:09:55,627 - INFO - [方志国]显示要下载的日志列表成功,路径为[D:\python项目\EasyLogSync\rsync_log\JYC_B2B\port]
2018-02-28 13:10:01,912 - INFO - [方志国]下载日志[D:\python项目\EasyLogSync\rsync_log\JYC_B2B\port\port.log.2018-01-06]成功
2018-02-28 13:10:05,247 - INFO - [方志国]显示要下载的日志列表成功,路径为[D:\python项目\EasyLogSync\rsync_log\JYC_B2B\port]
2018-02-28 13:10:08,101 - INFO - [方志国]显示要下载的日志列表成功,路径为[D:\python项目\EasyLogSync\rsync_log\JYC_B2B\port]
2018-02-28 13:10:08,995 - INFO - [方志国]显示要下载的日志列表成功,路径为[D:\python项目\EasyLogSync\rsync_log\JYC_B2B\port]
2018-02-28 13:10:10,088 - INFO - [方志国]显示要下载的日志列表成功,路径为[D:\python项目\EasyLogSync\rsync_log\JYC_B2B\port]
2018-02-28 13:10:11,696 - INFO - [方志国]显示要下载的日志列表成功,路径为[D:\python项目\EasyLogSync\rsync_log\JYC_B2B\port]
2018-02-28 13:10:58,040 - INFO - [方志国]显示要下载的日志列表成功,路径为[D:\python项目\EasyLogSync\rsync_log\JYC_B2B\payserver_1]
2018-02-28 17:03:02,744 - INFO - [方志国]显示要下载的日志列表成功,路径为[D:\python项目\EasyLogSync\rsync_log\JYC_B2B\port]
2018-02-28 17:08:24,095 - INFO - [方志国]显示要下载的日志列表成功,路径为[D:\python项目\EasyLogSync\rsync_log\JYC_B2B\port]
2018-02-28 17:16:07,108 - INFO - [方志国]显示要下载的日志列表成功,路径为[D:\python项目\EasyLogSync\rsync_log\JYC_B2B\port]
2018-02-28 17:18:29,027 - INFO - [方志国]显示要下载的日志列表成功,路径为[D:\python项目\EasyLogSync\rsync_log\JYC_B2B\port]
2018-02-28 17:52:28,801 - INFO - [方志国]显示要下载的日志列表成功,路径为[D:\python项目\EasyLogSync\rsync_log\JYC_B2B\port]
2018-02-28 17:53:48,214 - INFO - [方志国]显示要下载的日志列表成功,路径为[D:\python项目\EasyLogSync\rsync_log\JYC_B2B\port]
2018-02-28 17:54:33,100 - INFO - [方志国]显示要下载的日志列表成功,路径为[D:\python项目\EasyLogSync\rsync_log\JYC_B2B\port]
2018-03-01 15:27:10,907 - INFO - [admin]关联应用['28', '29', '27']成功
